Expert Lookup complete. Instantly resolved 50 countries.
Deep Diver v3.1 | Batch Target: 50 | Remaining Queue: 876
[1/50] DIVE: Assic G&T Can...  [DDG FAIL] Assic G&T Can: https://duckduckgo.com/?q=Assic+G%26T+Can+liquor+bottle+shot+transparent 202 Ratelimit
 DONE
[2/50] DIVE: #7Gin Lime And Lemon...    - Downloading https://baloziwines.co.ke/wp-content/uploads/2025/01/7-lemon... Removing BG... SAVED.
 DONE
[3/50] DIVE: #7Gin Pineapple...  [DDG FAIL] #7Gin Pineapple: https://duckduckgo.com/i.js?o=json&q=%237Gin+Pineapple+liquor+bottle+shot+transparent&l=us-en&vqd=4-95990297639595685821254047383974484306&p=1&f=%2C%2C%2C%2C%2C 403 Ratelimit
 DONE
[4/50] DIVE: Allsops Beer...  [DDG FAIL] Allsops Beer: https://duckduckgo.com/i.js?o=json&q=Allsops+Beer+liquor+bottle+shot+transparent&l=us-en&vqd=4-15891624297475272838072182889037461073&p=1&f=%2C%2C%2C%2C%2C 403 Ratelimit
 DONE
[5/50] DIVE: Back Bencher Wsky...  [DDG FAIL] Back Bencher Wsky: https://duckduckgo.com/i.js?o=json&q=Back+Bencher+Wsky+liquor+bottle+shot+transparent&l=us-en&vqd=4-219642827323532318991642530196974936868&p=1&f=%2C%2C%2C%2C%2C 403 Ratelimit
 DONE
[6/50] DIVE: Baileys...  [DDG FAIL] Baileys: https://duckduckgo.com/i.js?o=json&q=Baileys+liquor+bottle+shot+transparent&l=us-en&vqd=4-328721145902490589569883229846483013711&p=1&f=%2C%2C%2C%2C%2C 403 Ratelimit
 DONE
[7/50] DIVE: Baileys...  [DDG FAIL] Baileys: https://duckduckgo.com/?q=Baileys+liquor+bottle+shot+transparent 202 Ratelimit
 DONE
[8/50] DIVE: Baileys...  [DDG FAIL] Baileys: https://duckduckgo.com/i.js?o=json&q=Baileys+liquor+bottle+shot+transparent&l=us-en&vqd=4-328721145902490589569883229846483013711&p=1&f=%2C%2C%2C%2C%2C 403 Ratelimit
 DONE
[9/50] DIVE: Baileys Delight...  [DDG FAIL] Baileys Delight: https://duckduckgo.com/i.js?o=json&q=Baileys+Delight+liquor+bottle+shot+transparent&l=us-en&vqd=4-142542115942453838534864177737984885460&p=1&f=%2C%2C%2C%2C%2C 403 Ratelimit
 DONE
[10/50] DIVE: Baileys Delight...  [DDG FAIL] Baileys Delight: https://duckduckgo.com/i.js?o=json&q=Baileys+Delight+liquor+bottle+shot+transparent&l=us-en&vqd=4-142542115942453838534864177737984885460&p=1&f=%2C%2C%2C%2C%2C 403 Ratelimit
 DONE
[11/50] DIVE: Balvenie 14...  [DDG FAIL] Balvenie 14: https://duckduckgo.com/i.js?o=json&q=Balvenie+14+liquor+bottle+shot+transparent&l=us-en&vqd=4-23164582548546100205114199223847350126&p=1&f=%2C%2C%2C%2C%2C 403 Ratelimit
 DONE
[12/50] DIVE: Banana Beer...  [DDG FAIL] Banana Beer: https://duckduckgo.com/i.js?o=json&q=Banana+Beer+liquor+bottle+shot+transparent&l=us-en&vqd=4-86610063557219919443874593771733857952&p=1&f=%2C%2C%2C%2C%2C 403 Ratelimit
 DONE
[13/50] DIVE: Bavaria(8.6)...  [DDG FAIL] Bavaria(8.6): https://duckduckgo.com/i.js?o=json&q=Bavaria%288.6%29+liquor+bottle+shot+transparent&l=us-en&vqd=4-266479532683795697683899504570854950039&p=1&f=%2C%2C%2C%2C%2C 403 Ratelimit
 DONE
[14/50] DIVE: Bavaria Apple...  [DDG FAIL] Bavaria Apple: https://duckduckgo.com/i.js?o=json&q=Bavaria+Apple+liquor+bottle+shot+transparent&l=us-en&vqd=4-283653946632859768403300935766689966358&p=1&f=%2C%2C%2C%2C%2C 403 Ratelimit
 DONE
[15/50] DIVE: Bavaria Orange...  [DDG FAIL] Bavaria Orange: https://duckduckgo.com/i.js?o=json&q=Bavaria+Orange+liquor+bottle+shot+transparent&l=us-en&vqd=4-19655689305961989865985147386071892897&p=1&f=%2C%2C%2C%2C%2C 403 Ratelimit
 DONE
[16/50] DIVE: Bavaria Original 0.0...  [DDG FAIL] Bavaria Original 0.0: https://duckduckgo.com/i.js?o=json&q=Bavaria+Original+0.0+liquor+bottle+shot+transparent&l=us-en&vqd=4-335555024679991134999599249469252843826&p=1&f=%2C%2C%2C%2C%2C 403 Ratelimit
 DONE
[17/50] DIVE: Bl...  [DDG FAIL] Bl: https://duckduckgo.com/i.js?o=json&q=Bl+liquor+bottle+shot+transparent&l=us-en&vqd=4-242718568786648968458489086290639336647&p=1&f=%2C%2C%2C%2C%2C 403 Ratelimit
 DONE
[18/50] DIVE: Black Ice Beer...  [DDG FAIL] Black Ice Beer: https://duckduckgo.com/i.js?o=json&q=Black+Ice+Beer+liquor+bottle+shot+transparent&l=us-en&vqd=4-119871129665121677435870493307016119907&p=1&f=%2C%2C%2C%2C%2C 403 Ratelimit
 DONE
[19/50] DIVE: Black Ice Can...  [DDG FAIL] Black Ice Can: https://duckduckgo.com/i.js?o=json&q=Black+Ice+Can+liquor+bottle+shot+transparent&l=us-en&vqd=4-148302595397625928215743547942954577635&p=1&f=%2C%2C%2C%2C%2C 403 Ratelimit
 DONE
[20/50] DIVE: Black Ram Honey...  [DDG FAIL] Black Ram Honey: https://duckduckgo.com/i.js?o=json&q=Black+Ram+Honey+liquor+bottle+shot+transparent&l=us-en&vqd=4-185198729946248933317710111458569544872&p=1&f=%2C%2C%2C%2C%2C 403 Ratelimit
 DONE
[21/50] DIVE: Black Ram Whskyt...  [DDG FAIL] Black Ram Whskyt: https://duckduckgo.com/i.js?o=json&q=Black+Ram+Whskyt+liquor+bottle+shot+transparent&l=us-en&vqd=4-19464029100897303600617613497170010627&p=1&f=%2C%2C%2C%2C%2C 403 Ratelimit
 DONE
[22/50] DIVE: Black Ram Whsky...  [DDG FAIL] Black Ram Whsky: https://duckduckgo.com/i.js?o=json&q=Black+Ram+Whsky+liquor+bottle+shot+transparent&l=us-en&vqd=4-37906213409286848728659482592253877670&p=1&f=%2C%2C%2C%2C%2C 403 Ratelimit
 DONE
[23/50] DIVE: Blue Curacao Liqueur...  [DDG FAIL] Blue Curacao Liqueur: https://duckduckgo.com/i.js?o=json&q=Blue+Curacao+Liqueur+liquor+bottle+shot+transparent&l=us-en&vqd=4-110743455304392357912048327323319959326&p=1&f=%2C%2C%2C%2C%2C 403 Ratelimit
 DONE
[24/50] DIVE: Blue Curacao Syrup...  [DDG FAIL] Blue Curacao Syrup: https://duckduckgo.com/?q=Blue+Curacao+Syrup+liquor+bottle+shot+transparent 202 Ratelimit
 DONE
[25/50] DIVE: Blue Ice Coco 1/4...  [DDG FAIL] Blue Ice Coco 1/4: https://duckduckgo.com/i.js?o=json&q=Blue+Ice+Coco+1%2F4+liquor+bottle+shot+transparent&l=us-en&vqd=4-296050228145767192992159897210595789940&p=1&f=%2C%2C%2C%2C%2C 403 Ratelimit
 DONE
[26/50] DIVE: Blue Ice Vodka...  [DDG FAIL] Blue Ice Vodka: https://duckduckgo.com/?q=Blue+Ice+Vodka+liquor+bottle+shot+transparent 202 Ratelimit
 DONE
[27/50] DIVE: Blue Ice Vodka...  [DDG FAIL] Blue Ice Vodka: https://duckduckgo.com RuntimeError: error sending request for url (https://duckduckgo.com/?q=Blue+Ice+Vodka+liquor+bottle+shot+transparent): operation timed out

Caused by:
    operation timed out
 DONE
[28/50] DIVE: Blue Moon...  [DDG FAIL] Blue Moon: https://duckduckgo.com/i.js?o=json&q=Blue+Moon+liquor+bottle+shot+transparent&l=us-en&vqd=4-269840819531527274291250388910562811640&p=1&f=%2C%2C%2C%2C%2C 403 Ratelimit
 DONE
[29/50] DIVE: Blue Moon 750M...  [DDG FAIL] Blue Moon 750M: https://duckduckgo.com/i.js?o=json&q=Blue+Moon+750M+liquor+bottle+shot+transparent&l=us-en&vqd=4-319071741480368497019108584473217693779&p=1&f=%2C%2C%2C%2C%2C 403 Ratelimit
 DONE
[30/50] DIVE: Bols Blue Curacao...  [DDG FAIL] Bols Blue Curacao: https://duckduckgo.com/i.js?o=json&q=Bols+Blue+Curacao+liquor+bottle+shot+transparent&l=us-en&vqd=4-107506334007451892700666259561575689218&p=1&f=%2C%2C%2C%2C%2C 403 Ratelimit
 DONE
[31/50] DIVE: Bols Vodka... DONE
[32/50] DIVE: Bonne Esperance Dry Reditre... DONE
[33/50] DIVE: Bonne Esperance Red Sweet... DONE
[34/50] DIVE: Bravado...  [DDG FAIL] Bravado: https://duckduckgo.com/i.js?o=json&q=Bravado+liquor+bottle+shot+transparent&l=us-en&vqd=4-230363998847186491437839128834652385303&p=1&f=%2C%2C%2C%2C%2C 403 Ratelimit
 DONE
[35/50] DIVE: Breezer Lime...  [DDG FAIL] Breezer Lime: https://duckduckgo.com/i.js?o=json&q=Breezer+Lime+liquor+bottle+shot+transparent&l=us-en&vqd=4-160848003847611146896068049140063288582&p=1&f=%2C%2C%2C%2C%2C 403 Ratelimit
 DONE
[36/50] DIVE: Breezer Peach...  [DDG FAIL] Breezer Peach: https://duckduckgo.com/i.js?o=json&q=Breezer+Peach+liquor+bottle+shot+transparent&l=us-en&vqd=4-260102219212438134459209170767836304024&p=1&f=%2C%2C%2C%2C%2C 403 Ratelimit
 DONE
[37/50] DIVE: Breezer Pineapple...  [DDG FAIL] Breezer Pineapple: https://duckduckgo.com/i.js?o=json&q=Breezer+Pineapple+liquor+bottle+shot+transparent&l=us-en&vqd=4-66687763600871821647231112917221011540&p=1&f=%2C%2C%2C%2C%2C 403 Ratelimit
 DONE
[38/50] DIVE: Breezer W.Lemon...  [DDG FAIL] Breezer W.Lemon: https://duckduckgo.com/i.js?o=json&q=Breezer+W.Lemon+liquor+bottle+shot+transparent&l=us-en&vqd=4-306430153631961905892588210562032156810&p=1&f=%2C%2C%2C%2C%2C 403 Ratelimit
 DONE
[39/50] DIVE: Brokers...  [DDG FAIL] Brokers: https://duckduckgo.com/i.js?o=json&q=Brokers+liquor+bottle+shot+transparent&l=us-en&vqd=4-100216492152371988351039757234876564111&p=1&f=%2C%2C%2C%2C%2C 403 Ratelimit
 DONE
[40/50] DIVE: Bumbu...  [DDG FAIL] Bumbu: https://duckduckgo.com/i.js?o=json&q=Bumbu+liquor+bottle+shot+transparent&l=us-en&vqd=4-319938639643670853342026735491090896508&p=1&f=%2C%2C%2C%2C%2C 403 Ratelimit
 DONE
[41/50] DIVE: Buono Amici Cuvee...  [DDG FAIL] Buono Amici Cuvee: https://duckduckgo.com/?q=Buono+Amici+Cuvee+liquor+bottle+shot+transparent 202 Ratelimit
 DONE
[42/50] DIVE: Bushmill 10Yrs...  [DDG FAIL] Bushmill 10Yrs: https://duckduckgo.com/i.js?o=json&q=Bushmill+10Yrs+liquor+bottle+shot+transparent&l=us-en&vqd=4-304622202566610790483162510104140793527&p=1&f=%2C%2C%2C%2C%2C 403 Ratelimit
 DONE
