Loaded 1111 items. Found 983 'Unknown' countries.
Sweep 1 (Expert Map & Desc) complete. Updated 306 items.
Remaining for Sweep 2 (Deep Search): 677
[1/677] Searching origin for Assic G&T Can... NOT FOUND
[2/677] Searching origin for 5Th Generation Whitetr... FOUND: South Africa
[3/677] Searching origin for #7Gin Pineapple... NOT FOUND
[4/677] Searching origin for 99 Rosas Temp Cab Sauv... NOT FOUND
[5/677] Searching origin for Ac Black... NOT FOUND
[6/677] Searching origin for Afribullcafe... NOT FOUND
[7/677] Searching origin for Alandra White... NOT FOUND
[8/677] Searching origin for All Seasons Whisky... NOT FOUND
[9/677] Searching origin for All Seasons Whisky... NOT FOUND
[10/677] Searching origin for All Seasons Whsky... NOT FOUND
[11/677] Searching origin for All Seasons Whsky... NOT FOUND
[12/677] Searching origin for Allsops Beer... NOT FOUND
[13/677] Searching origin for Amani Sweet Red... NOT FOUND
[14/677] Searching origin for Amani Sweet White... NOT FOUND
[15/677] Searching origin for Analivia Sav... NOT FOUND
[16/677] Searching origin for Angostura Bitters... NOT FOUND
[17/677] Searching origin for Aqula... NOT FOUND
[18/677] Searching origin for Arcadia Rum... NOT FOUND
[19/677] Searching origin for Arcadia Whisky... NOT FOUND
[20/677] Searching origin for Asconi Agorlux... NOT FOUND
[21/677] Searching origin for Asconi Kiss Me Now... NOT FOUND
[22/677] Searching origin for Asconi Moscato Rose... NOT FOUND
[23/677] Searching origin for Asconi Moscato Swt Wht... NOT FOUND
[24/677] Searching origin for Asconi Pastoral... NOT FOUND
[25/677] Searching origin for Asconi Semi Dry... NOT FOUND
[26/677] Searching origin for Asconi Sol Negru... NOT FOUND
[27/677] Searching origin for Back Bencher Wsky... NOT FOUND
[28/677] Searching origin for Baileys... NOT FOUND
[29/677] Searching origin for Baileys... NOT FOUND
[30/677] Searching origin for Baileys... NOT FOUND
[31/677] Searching origin for Baileys Delight... NOT FOUND
[32/677] Searching origin for Baileys Delight... NOT FOUND
[33/677] Searching origin for Balvenie 14... NOT FOUND
[34/677] Searching origin for Banana Beer... NOT FOUND
[35/677] Searching origin for Bavaria(8.6)... NOT FOUND
[36/677] Searching origin for Bavaria Apple... NOT FOUND
[37/677] Searching origin for Bavaria Orange... NOT FOUND
[38/677] Searching origin for Bavaria Original 0.0... NOT FOUND
[39/677] Searching origin for Bl... NOT FOUND
[40/677] Searching origin for Black Ice Beer... NOT FOUND
[41/677] Searching origin for Black Ice Can... NOT FOUND
[42/677] Searching origin for Black Ram Honey... NOT FOUND
[43/677] Searching origin for Black Ram Whskyt... NOT FOUND
[44/677] Searching origin for Black Ram Whsky... NOT FOUND
[45/677] Searching origin for Blue Curacao Liqueur... NOT FOUND
[46/677] Searching origin for Blue Curacao Syrup... NOT FOUND
[47/677] Searching origin for Blue Ice Coco 1/4... NOT FOUND
[48/677] Searching origin for Blue Ice Vodka... NOT FOUND
[49/677] Searching origin for Blue Ice Vodka... NOT FOUND
[50/677] Searching origin for Blue Moon... NOT FOUND
[51/677] Searching origin for Blue Moon 750M... NOT FOUND
[52/677] Searching origin for Bols Blue Curacao... NOT FOUND
[53/677] Searching origin for Bols Vodka... NOT FOUND
[54/677] Searching origin for Bonne Esperance Dry Reditre... NOT FOUND
[55/677] Searching origin for Bonne Esperance Red Sweet... NOT FOUND
[56/677] Searching origin for Bravado... NOT FOUND
[57/677] Searching origin for Breezer Lime... NOT FOUND
[58/677] Searching origin for Breezer Peach... NOT FOUND
[59/677] Searching origin for Breezer Pineapple... NOT FOUND
[60/677] Searching origin for Breezer W.Lemon... NOT FOUND
[61/677] Searching origin for Brokers... NOT FOUND
[62/677] Searching origin for Bumbu... NOT FOUND
[63/677] Searching origin for Buono Amici Cuvee... NOT FOUND
[64/677] Searching origin for Bushmill 10Yrs... NOT FOUND
[65/677] Searching origin for Bushmill Black Bush... NOT FOUND
[66/677] Searching origin for Calvet Chardonny... NOT FOUND
[67/677] Searching origin for Candy Floss... NOT FOUND
[68/677] Searching origin for Candy Sweet White... NOT FOUND
[69/677] Searching origin for Captain Cola Bottle... NOT FOUND
[70/677] Searching origin for Captain Cola Can... NOT FOUND
[71/677] Searching origin for Captain Dark Rumitre... NOT FOUND
[72/677] Searching origin for Captain Darkrum... NOT FOUND
[73/677] Searching origin for Carlo Rossit... NOT FOUND
[74/677] Searching origin for Carlo Rossi Red... NOT FOUND
[75/677] Searching origin for Casa Buena White... NOT FOUND
[76/677] Searching origin for Castle Lite Beer... NOT FOUND
[77/677] Searching origin for Castle Lite Can... NOT FOUND
[78/677] Searching origin for Choco Toffee Red Wine... NOT FOUND
[79/677] Searching origin for Class 21... NOT FOUND
[80/677] Searching origin for Claymore... NOT FOUND
[81/677] Searching origin for Club Class Whisky... NOT FOUND
[82/677] Searching origin for Clubman... NOT FOUND
[83/677] Searching origin for Clubman  350... NOT FOUND
[84/677] Searching origin for Clubman -... NOT FOUND
[85/677] Searching origin for County... NOT FOUND
[86/677] Searching origin for County... NOT FOUND
[87/677] Searching origin for Crazy Cock... NOT FOUND
[88/677] Searching origin for Crazy Cock... NOT FOUND
[89/677] Searching origin for Crazy Cock... NOT FOUND
[90/677] Searching origin for Cruxland Gin... NOT FOUND
[91/677] Searching origin for Cruz Vodka... NOT FOUND
[92/677] Searching origin for Curonia  Beer 10%... NOT FOUND
[93/677] Searching origin for Darling Ice... NOT FOUND
[94/677] Searching origin for Desperados... NOT FOUND
[95/677] Searching origin for Dompo Sweetred... NOT FOUND
[96/677] Searching origin for Don Montego... NOT FOUND
[97/677] Searching origin for Don Montego... NOT FOUND
[98/677] Searching origin for Don Montego... NOT FOUND
[99/677] Searching origin for Drambuie... NOT FOUND
[100/677] Searching origin for Drostyt... NOT FOUND
Reached search limit for this run.

SUCCESS: Updated script.js. Total items corrected: 307
