Loaded 1111 items. Found 983 'Unknown' countries.
Sweep 1 (Expert Map & Desc) complete. Updated 266 items.
Remaining for Sweep 2 (Deep Search): 717
[1/717] Searching origin for 4Th Strt White Sweett... NOT FOUND
[2/717] Searching origin for Assic G&T Can... NOT FOUND
[3/717] Searching origin for 5Th Generation Whitetr... NOT FOUND
[4/717] Searching origin for #7Gin Pineapple... NOT FOUND
[5/717] Searching origin for 8Pmt... NOT FOUND
[6/717] Searching origin for 8Pm Fire... NOT FOUND
[7/717] Searching origin for 8Pm Honey... NOT FOUND
[8/717] Searching origin for 8Pm Whisky... NOT FOUND
[9/717] Searching origin for 99 Rosas Temp Cab Sauv... NOT FOUND
[10/717] Searching origin for Ac Black... NOT FOUND
[11/717] Searching origin for Afribullcafe... NOT FOUND
[12/717] Searching origin for Alandra White... NOT FOUND
[13/717] Searching origin for All Seasons Whisky... NOT FOUND
[14/717] Searching origin for All Seasons Whisky... NOT FOUND
[15/717] Searching origin for All Seasons Whsky... NOT FOUND
[16/717] Searching origin for All Seasons Whsky... NOT FOUND
[17/717] Searching origin for Allsops Beer... NOT FOUND
[18/717] Searching origin for Amani Sweet Red... NOT FOUND
[19/717] Searching origin for Amani Sweet White... NOT FOUND
[20/717] Searching origin for Analivia Sav... NOT FOUND
[21/717] Searching origin for Angostura Bitters... NOT FOUND
[22/717] Searching origin for Aqula... NOT FOUND
[23/717] Searching origin for Arcadia Rum... NOT FOUND
[24/717] Searching origin for Arcadia Whisky... NOT FOUND
[25/717] Searching origin for Asconi Agorlux... NOT FOUND
[26/717] Searching origin for Asconi Kiss Me Now... NOT FOUND
[27/717] Searching origin for Asconi Moscato Rose... NOT FOUND
[28/717] Searching origin for Asconi Moscato Swt Wht... NOT FOUND
[29/717] Searching origin for Asconi Pastoral... NOT FOUND
[30/717] Searching origin for Asconi Semi Dry... NOT FOUND
[31/717] Searching origin for Asconi Sol Negru... NOT FOUND
[32/717] Searching origin for Back Bencher Wsky... NOT FOUND
[33/717] Searching origin for Baileys... NOT FOUND
[34/717] Searching origin for Baileys... NOT FOUND
[35/717] Searching origin for Baileys... NOT FOUND
[36/717] Searching origin for Baileys Delight... NOT FOUND
[37/717] Searching origin for Baileys Delight... NOT FOUND
[38/717] Searching origin for Balvenie 14... NOT FOUND
[39/717] Searching origin for Banana Beer...