/Users/mac/Documents/ANTIGRAVITY/LIQUIFY_Sales_Website/venv/lib/python3.9/site-packages/urllib3/__init__.py:35: NotOpenSSLWarning: urllib3 v2 only supports OpenSSL 1.1.1+, currently the 'ssl' module is compiled with 'LibreSSL 2.8.3'. See: https://github.com/urllib3/urllib3/issues/3020
  warnings.warn(
Loaded 973 items. Cache primed with 882 brands.
[157/1165] Processing BLUE MOON (750M)... CACHED (Unknown)
[434/1165] Processing GILBEYS PINK (750M)... CACHED (Unknown)
[436/1165] Processing GLENDALE WHSKY (750M)... CACHED (Unknown)
[596/1165] Processing JOHN BANNERMANS (750M)... CACHED (Unknown)
[1029/1165] Processing STAR CHASER RED (750ML)... DONE (Unknown)
[1030/1165] Processing STAR CHASER SWEET ROSE (750ML)... DONE (Unknown)
[1032/1165] Processing STAR WALKER (750ML)... DONE (Unknown)
[1033/1165] Processing ST.CELINE (750ML)... DONE (Unknown)
[1034/1165] Processing STOLICHNAYA VDKA (750ML)... DONE (Unknown)
[1035/1165] Processing STRAWBERRY LIPS (750ML)... DONE (Unknown)
[1036/1165] Processing ST.REMY  VSOPT (1L)... DONE (Unknown)
[1037/1165] Processing ST.REMY VSOP (700ML)... DONE (Unknown)
[1038/1165] Processing ST. REMY XO (750ML)... DONE (Unknown)
[1039/1165] Processing STRETTONS ORIGINAL GIN (750ML)... DONE (Unknown)
[1040/1165] Processing STRETTONS TRIPLEBERRY (750ML)... DONE (Unknown)
[1041/1165] Processing STRETTTONS WILDBERRY (750ML)... DONE (Unknown)
[1042/1165] Processing SUMMIT (750ML)... DONE (Unknown)
[1043/1165] Processing SUN CHASER WINE (750ML)... DONE (Unknown)
[1044/1165] Processing SUPREME VODKA (250ML)... DONE (Unknown)
[1045/1165] Processing SUPREME VODKA (750ML)... CACHED (Unknown)
[1046/1165] Processing SWEET BERRY (250ML)... DONE (Unknown)
[1047/1165] Processing TAIFA (250ML)... DONE (Unknown)
[1048/1165] Processing TAIFA (750ML)... CACHED (Unknown)
[1049/1165] Processing TALISKER STORM (700ML)... DONE (Unknown)
[1050/1165] Processing TALL HORSE CAB SAUV (750ML)... DONE (Unknown)
[1051/1165] Processing TALL HORSE CHARDONNAY (750ML)... DONE (Unknown)
[1052/1165] Processing TALL HORSE CHENIN BLANC (750ML)... DONE (Unknown)
[1053/1165] Processing TALL HORSE MERLOT (750ML)... DONE (Unknown)
[1054/1165] Processing TALL HORSE PINOTAGE (750ML)... DONE (Unknown)
[1056/1165] Processing TALL HORSE SAV BLANC (750ML)... DONE (Unknown)
[1057/1165] Processing TALL HORSE SWEETRED (750ML)... DONE (Unknown)
[1058/1165] Processing TANQUERAY 10.T (1L)... DONE (Unknown)
[1059/1165] Processing TANQUERAY 10 (750ML)... DONE (Unknown)
[1060/1165] Processing TANQUERAY DRY GINT (1L)... DONE (Unknown)
[1061/1165] Processing TANQUERAY DRY GIN (750ML)... DONE (Unknown)
[1062/1165] Processing TANQUERAY MALACCA LTR (750ML)... DONE (Unknown)
[1063/1165] Processing TANQUERAY RANGPURT (1L)... DONE (Unknown)
[1064/1165] Processing TANQUERAY RANGPUR (70CL)... DONE (Unknown)
[1065/1165] Processing Tanqueray royalet (1L)... DONE (Unknown)
[1066/1165] Processing TANQUERAY ROYALE (70CL)... DONE (Unknown)
[1067/1165] Processing TANQUERAY SEVILLAT (1L)... DONE (Unknown)
[1068/1165] Processing TANQUERAY SEVILLA (750ML)... DONE (Unknown)
[1069/1165] Processing TEACHERST (1L)... DONE (Unknown)
[1070/1165] Processing TEACHERS (350ML)... DONE (Unknown)
[1071/1165] Processing TEACHERS (750ML)... CACHED (Unknown)
[1072/1165] Processing TEQUILA CAMINO CLEAR (750ML)... DONE (Unknown)
[1073/1165] Processing TEQUILA CAMINO GOLD (750ML)... DONE (Unknown)
[1074/1165] Processing TEQUILA ROSE (750ML)... DONE (Unknown)
[1075/1165] Processing THE GUVNOR (1.5L)... DONE (Unknown)
[1076/1165] Processing THE GUVNOR (750ML)... CACHED (Unknown)
  [GIT] Pushing 50 updates...
[main be92dbb] feat: high-speed update - processed 50
 1 file changed, 520 insertions(+)
To https://github.com/mugaruranelson-cmd/liquify_mandela.git
   73c6298..be92dbb  main -> main
[1077/1165] Processing THE WILSHIRE BLENDED WHISKY (750ML)... DONE (Unknown)
[1078/1165] Processing THREE BARRELT (1L)... DONE (Unknown)
[1079/1165] Processing THREE BARREL (750ML)... DONE (Unknown)
[1080/1165] Processing TIA MARIAT (1L)... DONE (Unknown)
[1081/1165] Processing TIME VIRGINIA BLEND BULK (750ML)... DONE (Unknown)
[1082/1165] Processing TOP SECRET (250ML)... DONE (Unknown)
[1083/1165] Processing TOP SECRET (750ML)... CACHED (Unknown)
[1084/1165] Processing TORRERO (750ML)... DONE (Unknown)
[1085/1165] Processing TORRERO LIQUER (250ML)... DONE (Unknown)
[1086/1165] Processing TR (750ML)... DONE (Unknown)
[1087/1165] Processing TRACE VODKA (250ML)... DONE (Unknown)
[1088/1165] Processing TRIPLE ACE (250ML)... DONE (Unknown)
[1089/1165] Processing TRIPLE ACE (750ML)... CACHED (Unknown)
[1090/1165] Processing TRIPPLE SEC CURACAO LIQUEUR (700ML)... DONE (Unknown)
[1091/1165] Processing TULLAMOREITRE (1L)... DONE (Unknown)
[1092/1165] Processing TULLAMORE (700ML)... DONE (Unknown)
[1093/1165] Processing TUSKER BEER (750ML)... DONE (Unknown)
[1094/1165] Processing TUSKER CAN (500ML)... DONE (Unknown)
[1095/1165] Processing TUSKER CIDER BEER (750ML)... DONE (Unknown)
[1096/1165] Processing TUSKER CIDER CAN (500ML)... DONE (Unknown)
[1097/1165] Processing TUSKER LITE BEER (750ML)... DONE (Unknown)
[1098/1165] Processing TUSKER LITE CAN (500ML)... DONE (Unknown)
[1100/1165] Processing TUSKER MALT CAN (750ML)... DONE (Unknown)
[1101/1165] Processing TUSKER NDIMU BEER (750ML)... DONE (Unknown)
[1102/1165] Processing UGIN MANGO (750ML)... DONE (Unknown)
[1103/1165] Processing UPRISE WHSKY FLVD (750ML)... DONE (Unknown)
[1104/1165] Processing URBAN WHISKEY (750ML)... DONE (Unknown)
[1105/1165] Processing V& A 1/4 (750ML)... DONE (Unknown)
[1106/1165] Processing V& A (750ML)... DONE (Unknown)
[1107/1165] Processing VAT (250ML)... DONE (Unknown)
[1108/1165] Processing VAT 69T (1L)... DONE (Unknown)
[1109/1165] Processing VAT 69  3/4 (750ML)... DONE (Unknown)
[1110/1165] Processing VAT 69 (375ML)... DONE (Unknown)
[1111/1165] Processing VELO  CANS (750ML)... DONE (Unknown)
[1112/1165] Processing VELO SARCHETS (750ML)... DONE (Unknown)
[1113/1165] Processing VERSUS RED WINE (750ML)... DONE (Unknown)
[1114/1165] Processing VERSUS WHITE (750ML)... DONE (Unknown)
[1115/1165] Processing VICEROY 10YRS (750ML)... DONE (Unknown)
[1116/1165] Processing VICEROY (250ML)... DONE (Unknown)
[1117/1165] Processing VICEROY 350 (750ML)... DONE (Unknown)
[1118/1165] Processing VICEROY (750ML)... CACHED (Unknown)
[1119/1165] Processing VIENA ICE (500ML)... DONE (Unknown)
[1120/1165] Processing VIVA VODKA (250ML)... DONE (Unknown)
[1121/1165] Processing VODKA LEMONADE CAN (750ML)... DONE (Unknown)
[1122/1165] Processing WARAGI (750ML)... DONE (Unknown)
[1123/1165] Processing WAVE DANCER WINE (750ML)... DONE (Unknown)
[1124/1165] Processing WHITE CAP BEER (750ML)... DONE (Unknown)
[1125/1165] Processing WHITE CAP CAN (500ML)... DONE (Unknown)
[1126/1165] Processing WHITE CAP CRISP BEER (750ML)... DONE (Unknown)
[1127/1165] Processing WHITE CAP CRISP CAN (330ML)... DONE (Unknown)
  [GIT] Pushing 100 updates...
[main 19baf31] feat: high-speed update - processed 100
 1 file changed, 450 insertions(+)
To https://github.com/mugaruranelson-cmd/liquify_mandela.git
   e782745..19baf31  main -> main
[1128/1165] Processing WHITE HOUSE (375ML)... DONE (Unknown)
[1129/1165] Processing WHITE HOUSE (750ML)... CACHED (Unknown)
[1130/1165] Processing WHITE LACE GIN (500ML)... DONE (Unknown)
[1131/1165] Processing WHITE MISCHIEF (750ML)... DONE (Unknown)
[1132/1165] Processing WHITE OWL (750ML)... DONE (Unknown)
[1133/1165] Processing WHITE PEARL (250ML)... DONE (Unknown)
[1134/1165] Processing WHITE PEARL (750ML)... CACHED (Unknown)
[1135/1165] Processing WHITE PEARL PINK (250ML)... DONE (Unknown)
[1136/1165] Processing WHITE PEARL PINK (750ML)... CACHED (Unknown)
[1137/1165] Processing WHITE PEARL XTRA (250ML)... DONE (Unknown)
[1138/1165] Processing WHITE PEARL XTRA (750ML)... CACHED (Unknown)
[1139/1165] Processing WHYTEHALL FIRET (1L)...